<?xml version="1.0" encoding="utf-8"?><testsuites name="pytest tests"><testsuite name="pytest" errors="0" failures="0" skipped="0" tests="16" time="6.127" timestamp="2026-03-10T23:29:02.355786+00:00" hostname="agent-env-b77df49d-9f5a-4771-831a-01b486777cbb"><testcase classname="backend.tests.test_auth_favorites.TestHealthAndRoot" name="test_api_root" time="0.207" /><testcase classname="backend.tests.test_auth_favorites.TestAuthRegister" name="test_register_new_user" time="0.338" /><testcase classname="backend.tests.test_auth_favorites.TestAuthRegister" name="test_register_duplicate_email" time="0.476" /><testcase classname="backend.tests.test_auth_favorites.TestAuthLogin" name="test_login_success" time="0.722" /><testcase classname="backend.tests.test_auth_favorites.TestAuthLogin" name="test_login_invalid_credentials" time="0.102" /><testcase classname="backend.tests.test_auth_favorites.TestAuthLogin" name="test_login_wrong_password" time="0.371" /><testcase classname="backend.tests.test_auth_favorites.TestAuthSession" name="test_me_without_auth" time="0.109" /><testcase classname="backend.tests.test_auth_favorites.TestAuthSession" name="test_me_with_session_cookie" time="0.435" /><testcase classname="backend.tests.test_auth_favorites.TestAuthLogout" name="test_logout" time="0.512" /><testcase classname="backend.tests.test_auth_favorites.TestFavorites" name="test_favorites_without_auth" time="0.121" /><testcase classname="backend.tests.test_auth_favorites.TestFavorites" name="test_add_favorite_without_auth" time="0.106" /><testcase classname="backend.tests.test_auth_favorites.TestFavorites" name="test_add_favorite" time="0.445" /><testcase classname="backend.tests.test_auth_favorites.TestFavorites" name="test_add_duplicate_favorite" time="0.529" /><testcase classname="backend.tests.test_auth_favorites.TestFavorites" name="test_remove_favorite" time="0.595" /><testcase classname="backend.tests.test_auth_favorites.TestFavorites" name="test_get_favorites_list" time="0.593" /><testcase classname="backend.tests.test_auth_favorites.TestLoginWithTestUser" name="test_login_test_user" time="0.341" /></testsuite></testsuites>